<?xml version="1.0" encoding="UTF-8"?>
<!-- Generated by org.testng.reporters.JUnitReportReporter -->
<testsuite hostname="Lenov-AMD-Ryzen-5" failures="0" tests="3" name="shifts7.KeyWords" time="0.008" errors="0" timestamp="2022-02-21T10:42:33 IST" skipped="0">
  <testcase classname="shifts7.KeyWords" name="TestC" time="0.001"/>
  <system-out/>
  <testcase classname="shifts7.KeyWords" name="TestB" time="0.005"/>
  <system-out/>
  <testcase classname="shifts7.KeyWords" name="TestA" time="0.002"/>
  <system-out/>
</testsuite> <!-- shifts7.KeyWords -->
